==================== Test output for //src/test/cc/sample:count_letters_evaluator_test:
Running main() from gmock_main.cc
[==========] Running 2 tests from 1 test suite.
[----------] Global test environment set-up.
[----------] 2 tests from CountLettersEvaluatorTest
[ RUN      ] CountLettersEvaluatorTest.HandlesEmptyString
[       OK ] CountLettersEvaluatorTest.HandlesEmptyString (0 ms)
[ RUN      ] CountLettersEvaluatorTest.HandlesNonEmptyString
[       OK ] CountLettersEvaluatorTest.HandlesNonEmptyString (0 ms)
[----------] 2 tests from CountLettersEvaluatorTest (0 ms total)

[----------] Global test environment tear-down
[==========] 2 tests from 1 test suite ran. (0 ms total)
[  PASSED  ] 2 tests.
/home/dev/.cache/bazel/_bazel_dev/08a753c56e53c224cdfb02cc90553c44/sandbox/linux-sandbox/1202/execroot/_main/bazel-out/k8-fastbuild/testlogs/_coverage/src/test/cc/sample/count_letters_evaluator_test/test/bazel-out/k8-fastbuild/bin/external/googletest~/_objs/gtest/gmock-cardinalities.pic.gcno:version '408*', prefer 'B14*'
external/bazel_tools/tools/test/collect_cc_coverage.sh: line 113:    34 Segmentation fault      (core dumped) "${GCOV}" -i -b $COVERAGE_GCOV_OPTIONS -o "$(dirname ${gcda})" "${gcda}"
cat: '*.gcov': No such file or directory
rm: cannot remove '*.gcov': No such file or directory
/home/dev/.cache/bazel/_bazel_dev/08a753c56e53c224cdfb02cc90553c44/sandbox/linux-sandbox/1202/execroot/_main/bazel-out/k8-fastbuild/testlogs/_coverage/src/test/cc/sample/count_letters_evaluator_test/test/bazel-out/k8-fastbuild/bin/external/googletest~/_objs/gtest/gmock-internal-utils.pic.gcno:version '408*', prefer 'B14*'
external/bazel_tools/tools/test/collect_cc_coverage.sh: line 113:    47 Segmentation fault      (core dumped) "${GCOV}" -i -b $COVERAGE_GCOV_OPTIONS -o "$(dirname ${gcda})" "${gcda}"
cat: '*.gcov': No such file or directory
rm: cannot remove '*.gcov': No such file or directory
/home/dev/.cache/bazel/_bazel_dev/08a753c56e53c224cdfb02cc90553c44/sandbox/linux-sandbox/1202/execroot/_main/bazel-out/k8-fastbuild/testlogs/_coverage/src/test/cc/sample/count_letters_evaluator_test/test/bazel-out/k8-fastbuild/bin/external/googletest~/_objs/gtest/gmock-matchers.pic.gcno:version '408*', prefer 'B14*'
external/bazel_tools/tools/test/collect_cc_coverage.sh: line 113:    60 Segmentation fault      (core dumped) "${GCOV}" -i -b $COVERAGE_GCOV_OPTIONS -o "$(dirname ${gcda})" "${gcda}"
cat: '*.gcov': No such file or directory
rm: cannot remove '*.gcov': No such file or directory
/home/dev/.cache/bazel/_bazel_dev/08a753c56e53c224cdfb02cc90553c44/sandbox/linux-sandbox/1202/execroot/_main/bazel-out/k8-fastbuild/testlogs/_coverage/src/test/cc/sample/count_letters_evaluator_test/test/bazel-out/k8-fastbuild/bin/external/googletest~/_objs/gtest/gmock-spec-builders.pic.gcno:version '408*', prefer 'B14*'
external/bazel_tools/tools/test/collect_cc_coverage.sh: line 113:    73 Segmentation fault      (core dumped) "${GCOV}" -i -b $COVERAGE_GCOV_OPTIONS -o "$(dirname ${gcda})" "${gcda}"
cat: '*.gcov': No such file or directory
rm: cannot remove '*.gcov': No such file or directory
/home/dev/.cache/bazel/_bazel_dev/08a753c56e53c224cdfb02cc90553c44/sandbox/linux-sandbox/1202/execroot/_main/bazel-out/k8-fastbuild/testlogs/_coverage/src/test/cc/sample/count_letters_evaluator_test/test/bazel-out/k8-fastbuild/bin/external/googletest~/_objs/gtest/gmock.pic.gcno:version '408*', prefer 'B14*'
external/bazel_tools/tools/test/collect_cc_coverage.sh: line 113:    86 Segmentation fault      (core dumped) "${GCOV}" -i -b $COVERAGE_GCOV_OPTIONS -o "$(dirname ${gcda})" "${gcda}"
cat: '*.gcov': No such file or directory
rm: cannot remove '*.gcov': No such file or directory
/home/dev/.cache/bazel/_bazel_dev/08a753c56e53c224cdfb02cc90553c44/sandbox/linux-sandbox/1202/execroot/_main/bazel-out/k8-fastbuild/testlogs/_coverage/src/test/cc/sample/count_letters_evaluator_test/test/bazel-out/k8-fastbuild/bin/external/googletest~/_objs/gtest/gtest-assertion-result.pic.gcno:version '408*', prefer 'B14*'
external/bazel_tools/tools/test/collect_cc_coverage.sh: line 113:    99 Segmentation fault      (core dumped) "${GCOV}" -i -b $COVERAGE_GCOV_OPTIONS -o "$(dirname ${gcda})" "${gcda}"
cat: '*.gcov': No such file or directory
rm: cannot remove '*.gcov': No such file or directory
/home/dev/.cache/bazel/_bazel_dev/08a753c56e53c224cdfb02cc90553c44/sandbox/linux-sandbox/1202/execroot/_main/bazel-out/k8-fastbuild/testlogs/_coverage/src/test/cc/sample/count_letters_evaluator_test/test/bazel-out/k8-fastbuild/bin/external/googletest~/_objs/gtest/gtest-death-test.pic.gcno:version '408*', prefer 'B14*'
external/bazel_tools/tools/test/collect_cc_coverage.sh: line 113:   112 Segmentation fault      (core dumped) "${GCOV}" -i -b $COVERAGE_GCOV_OPTIONS -o "$(dirname ${gcda})" "${gcda}"
cat: '*.gcov': No such file or directory
rm: cannot remove '*.gcov': No such file or directory
/home/dev/.cache/bazel/_bazel_dev/08a753c56e53c224cdfb02cc90553c44/sandbox/linux-sandbox/1202/execroot/_main/bazel-out/k8-fastbuild/testlogs/_coverage/src/test/cc/sample/count_letters_evaluator_test/test/bazel-out/k8-fastbuild/bin/external/googletest~/_objs/gtest/gtest-filepath.pic.gcno:version '408*', prefer 'B14*'
external/bazel_tools/tools/test/collect_cc_coverage.sh: line 113:   125 Segmentation fault      (core dumped) "${GCOV}" -i -b $COVERAGE_GCOV_OPTIONS -o "$(dirname ${gcda})" "${gcda}"
cat: '*.gcov': No such file or directory
rm: cannot remove '*.gcov': No such file or directory
/home/dev/.cache/bazel/_bazel_dev/08a753c56e53c224cdfb02cc90553c44/sandbox/linux-sandbox/1202/execroot/_main/bazel-out/k8-fastbuild/testlogs/_coverage/src/test/cc/sample/count_letters_evaluator_test/test/bazel-out/k8-fastbuild/bin/external/googletest~/_objs/gtest/gtest-matchers.pic.gcno:version '408*', prefer 'B14*'
external/bazel_tools/tools/test/collect_cc_coverage.sh: line 113:   138 Segmentation fault      (core dumped) "${GCOV}" -i -b $COVERAGE_GCOV_OPTIONS -o "$(dirname ${gcda})" "${gcda}"
cat: '*.gcov': No such file or directory
rm: cannot remove '*.gcov': No such file or directory
/home/dev/.cache/bazel/_bazel_dev/08a753c56e53c224cdfb02cc90553c44/sandbox/linux-sandbox/1202/execroot/_main/bazel-out/k8-fastbuild/testlogs/_coverage/src/test/cc/sample/count_letters_evaluator_test/test/bazel-out/k8-fastbuild/bin/external/googletest~/_objs/gtest/gtest-port.pic.gcno:version '408*', prefer 'B14*'
external/bazel_tools/tools/test/collect_cc_coverage.sh: line 113:   151 Segmentation fault      (core dumped) "${GCOV}" -i -b $COVERAGE_GCOV_OPTIONS -o "$(dirname ${gcda})" "${gcda}"
cat: '*.gcov': No such file or directory
rm: cannot remove '*.gcov': No such file or directory
/home/dev/.cache/bazel/_bazel_dev/08a753c56e53c224cdfb02cc90553c44/sandbox/linux-sandbox/1202/execroot/_main/bazel-out/k8-fastbuild/testlogs/_coverage/src/test/cc/sample/count_letters_evaluator_test/test/bazel-out/k8-fastbuild/bin/external/googletest~/_objs/gtest/gtest-printers.pic.gcno:version '408*', prefer 'B14*'
external/bazel_tools/tools/test/collect_cc_coverage.sh: line 113:   164 Segmentation fault      (core dumped) "${GCOV}" -i -b $COVERAGE_GCOV_OPTIONS -o "$(dirname ${gcda})" "${gcda}"
cat: '*.gcov': No such file or directory
rm: cannot remove '*.gcov': No such file or directory
/home/dev/.cache/bazel/_bazel_dev/08a753c56e53c224cdfb02cc90553c44/sandbox/linux-sandbox/1202/execroot/_main/bazel-out/k8-fastbuild/testlogs/_coverage/src/test/cc/sample/count_letters_evaluator_test/test/bazel-out/k8-fastbuild/bin/external/googletest~/_objs/gtest/gtest-test-part.pic.gcno:version '408*', prefer 'B14*'
external/bazel_tools/tools/test/collect_cc_coverage.sh: line 113:   177 Segmentation fault      (core dumped) "${GCOV}" -i -b $COVERAGE_GCOV_OPTIONS -o "$(dirname ${gcda})" "${gcda}"
cat: '*.gcov': No such file or directory
rm: cannot remove '*.gcov': No such file or directory
/home/dev/.cache/bazel/_bazel_dev/08a753c56e53c224cdfb02cc90553c44/sandbox/linux-sandbox/1202/execroot/_main/bazel-out/k8-fastbuild/testlogs/_coverage/src/test/cc/sample/count_letters_evaluator_test/test/bazel-out/k8-fastbuild/bin/external/googletest~/_objs/gtest/gtest-typed-test.pic.gcno:version '408*', prefer 'B14*'
external/bazel_tools/tools/test/collect_cc_coverage.sh: line 113:   190 Segmentation fault      (core dumped) "${GCOV}" -i -b $COVERAGE_GCOV_OPTIONS -o "$(dirname ${gcda})" "${gcda}"
cat: '*.gcov': No such file or directory
rm: cannot remove '*.gcov': No such file or directory
/home/dev/.cache/bazel/_bazel_dev/08a753c56e53c224cdfb02cc90553c44/sandbox/linux-sandbox/1202/execroot/_main/bazel-out/k8-fastbuild/testlogs/_coverage/src/test/cc/sample/count_letters_evaluator_test/test/bazel-out/k8-fastbuild/bin/external/googletest~/_objs/gtest/gtest.pic.gcno:version '408*', prefer 'B14*'
external/bazel_tools/tools/test/collect_cc_coverage.sh: line 113:   203 Segmentation fault      (core dumped) "${GCOV}" -i -b $COVERAGE_GCOV_OPTIONS -o "$(dirname ${gcda})" "${gcda}"
cat: '*.gcov': No such file or directory
rm: cannot remove '*.gcov': No such file or directory
/home/dev/.cache/bazel/_bazel_dev/08a753c56e53c224cdfb02cc90553c44/sandbox/linux-sandbox/1202/execroot/_main/bazel-out/k8-fastbuild/testlogs/_coverage/src/test/cc/sample/count_letters_evaluator_test/test/bazel-out/k8-fastbuild/bin/external/googletest~/_objs/gtest_main/gmock_main.pic.gcno:version '408*', prefer 'B14*'
external/bazel_tools/tools/test/collect_cc_coverage.sh: line 113:   216 Segmentation fault      (core dumped) "${GCOV}" -i -b $COVERAGE_GCOV_OPTIONS -o "$(dirname ${gcda})" "${gcda}"
cat: '*.gcov': No such file or directory
rm: cannot remove '*.gcov': No such file or directory
/home/dev/.cache/bazel/_bazel_dev/08a753c56e53c224cdfb02cc90553c44/sandbox/linux-sandbox/1202/execroot/_main/bazel-out/k8-fastbuild/testlogs/_coverage/src/test/cc/sample/count_letters_evaluator_test/test/bazel-out/k8-fastbuild/bin/src/main/cc/sample/_objs/count_letters_evaluator/count_letters_evaluator.pic.gcno:version '408*', prefer 'B14*'
external/bazel_tools/tools/test/collect_cc_coverage.sh: line 113:   229 Segmentation fault      (core dumped) "${GCOV}" -i -b $COVERAGE_GCOV_OPTIONS -o "$(dirname ${gcda})" "${gcda}"
cat: '*.gcov': No such file or directory
rm: cannot remove '*.gcov': No such file or directory
/home/dev/.cache/bazel/_bazel_dev/08a753c56e53c224cdfb02cc90553c44/sandbox/linux-sandbox/1202/execroot/_main/bazel-out/k8-fastbuild/testlogs/_coverage/src/test/cc/sample/count_letters_evaluator_test/test/bazel-out/k8-fastbuild/bin/src/test/cc/sample/_objs/count_letters_evaluator_test/count_letters_evaluator_test.pic.gcno:version '408*', prefer 'B14*'
external/bazel_tools/tools/test/collect_cc_coverage.sh: line 113:   242 Segmentation fault      (core dumped) "${GCOV}" -i -b $COVERAGE_GCOV_OPTIONS -o "$(dirname ${gcda})" "${gcda}"
cat: '*.gcov': No such file or directory
rm: cannot remove '*.gcov': No such file or directory
Jun 27, 2025 5:56:38 PM com.google.devtools.coverageoutputgenerator.Main getTracefiles
INFO: No lcov file found.
Jun 27, 2025 5:56:38 PM com.google.devtools.coverageoutputgenerator.Main getGcovInfoFiles
INFO: Found 1 gcov info files.
Jun 27, 2025 5:56:38 PM com.google.devtools.coverageoutputgenerator.Main parseFilesSequentially
INFO: Parsing file /home/dev/.cache/bazel/_bazel_dev/08a753c56e53c224cdfb02cc90553c44/sandbox/linux-sandbox/1202/execroot/_main/bazel-out/k8-fastbuild/testlogs/_coverage/src/test/cc/sample/count_letters_evaluator_test/test/_cc_coverage.gcov
Jun 27, 2025 5:56:38 PM com.google.devtools.coverageoutputgenerator.Main getGcovJsonInfoFiles
INFO: No gcov json file found.
Jun 27, 2025 5:56:38 PM com.google.devtools.coverageoutputgenerator.Main getProfdataFileOrNull
INFO: No .profdata file found.
Jun 27, 2025 5:56:38 PM com.google.devtools.coverageoutputgenerator.Main runWithArgs
WARNING: There was no coverage found.
================================================================================
==================== Test output for //src/test/kotlin/sample:count_letters_evaluator_test:
JUnit4 Test Runner
..
Time: 0.086

OK (2 tests)


BazelTestRunner exiting with a return value of 0
JVM shutdown hooks (if any) will run now.
The JVM will exit once they complete.

-- JVM shutdown starting at 2025-06-27 17:56:40 --

Jun 27, 2025 5:56:41 PM com.google.devtools.coverageoutputgenerator.Main getTracefiles
INFO: Found 1 tracefiles.
Jun 27, 2025 5:56:41 PM com.google.devtools.coverageoutputgenerator.Main parseFilesSequentially
INFO: Parsing file /home/dev/.cache/bazel/_bazel_dev/08a753c56e53c224cdfb02cc90553c44/sandbox/linux-sandbox/1241/execroot/_main/bazel-out/k8-fastbuild/testlogs/_coverage/src/test/kotlin/sample/count_letters_evaluator_test/test/jvcov16828782149844280076.dat
Jun 27, 2025 5:56:41 PM com.google.devtools.coverageoutputgenerator.Main getGcovInfoFiles
INFO: No gcov info file found.
Jun 27, 2025 5:56:41 PM com.google.devtools.coverageoutputgenerator.Main getGcovJsonInfoFiles
INFO: No gcov json file found.
Jun 27, 2025 5:56:41 PM com.google.devtools.coverageoutputgenerator.Main getProfdataFileOrNull
INFO: No .profdata file found.
================================================================================
==================== Test output for //src/test/kotlin/sample:sum_evaluator_test:
JUnit4 Test Runner
.
Time: 0.046

OK (1 test)


BazelTestRunner exiting with a return value of 0
JVM shutdown hooks (if any) will run now.
The JVM will exit once they complete.

-- JVM shutdown starting at 2025-06-27 17:56:42 --

Jun 27, 2025 5:56:43 PM com.google.devtools.coverageoutputgenerator.Main getTracefiles
INFO: Found 1 tracefiles.
Jun 27, 2025 5:56:43 PM com.google.devtools.coverageoutputgenerator.Main parseFilesSequentially
INFO: Parsing file /home/dev/.cache/bazel/_bazel_dev/08a753c56e53c224cdfb02cc90553c44/sandbox/linux-sandbox/1253/execroot/_main/bazel-out/k8-fastbuild/testlogs/_coverage/src/test/kotlin/sample/sum_evaluator_test/test/jvcov8984831910804903236.dat
Jun 27, 2025 5:56:43 PM com.google.devtools.coverageoutputgenerator.Main getGcovInfoFiles
INFO: No gcov info file found.
Jun 27, 2025 5:56:43 PM com.google.devtools.coverageoutputgenerator.Main getGcovJsonInfoFiles
INFO: No gcov json file found.
Jun 27, 2025 5:56:43 PM com.google.devtools.coverageoutputgenerator.Main getProfdataFileOrNull
INFO: No .profdata file found.
================================================================================
==================== Test output for //src/test/python/sample:manage_users_py_test:
.
----------------------------------------------------------------------
Ran 1 test in 0.000s

OK
GCov does not exist at the given path: ''
Jun 27, 2025 5:56:46 PM com.google.devtools.coverageoutputgenerator.Main getTracefiles
INFO: Found 1 tracefiles.
Jun 27, 2025 5:56:46 PM com.google.devtools.coverageoutputgenerator.Main parseFilesSequentially
INFO: Parsing file /home/dev/.cache/bazel/_bazel_dev/08a753c56e53c224cdfb02cc90553c44/sandbox/linux-sandbox/1255/execroot/_main/bazel-out/k8-fastbuild/testlogs/_coverage/src/test/python/sample/manage_users_py_test/test/pylcov.dat
Jun 27, 2025 5:56:47 PM com.google.devtools.coverageoutputgenerator.Main getGcovInfoFiles
INFO: No gcov info file found.
Jun 27, 2025 5:56:47 PM com.google.devtools.coverageoutputgenerator.Main getGcovJsonInfoFiles
INFO: No gcov json file found.
Jun 27, 2025 5:56:47 PM com.google.devtools.coverageoutputgenerator.Main getProfdataFileOrNull
INFO: No .profdata file found.
================================================================================
==================== Test output for //src/test/python/sample:count_letters_evaluator_py_test:
..
----------------------------------------------------------------------
Ran 2 tests in 0.000s

OK
GCov does not exist at the given path: ''
Jun 27, 2025 5:56:47 PM com.google.devtools.coverageoutputgenerator.Main getTracefiles
INFO: Found 1 tracefiles.
Jun 27, 2025 5:56:47 PM com.google.devtools.coverageoutputgenerator.Main parseFilesSequentially
INFO: Parsing file /home/dev/.cache/bazel/_bazel_dev/08a753c56e53c224cdfb02cc90553c44/sandbox/linux-sandbox/1261/execroot/_main/bazel-out/k8-fastbuild/testlogs/_coverage/src/test/python/sample/count_letters_evaluator_py_test/test/pylcov.dat
Jun 27, 2025 5:56:47 PM com.google.devtools.coverageoutputgenerator.Main getGcovInfoFiles
INFO: No gcov info file found.
Jun 27, 2025 5:56:47 PM com.google.devtools.coverageoutputgenerator.Main getGcovJsonInfoFiles
INFO: No gcov json file found.
Jun 27, 2025 5:56:47 PM com.google.devtools.coverageoutputgenerator.Main getProfdataFileOrNull
INFO: No .profdata file found.
================================================================================
==================== Test output for //src/test/python/sample:sum_evaluator_py_test:
.
----------------------------------------------------------------------
Ran 1 test in 0.004s

OK
GCov does not exist at the given path: ''
Jun 27, 2025 5:56:49 PM com.google.devtools.coverageoutputgenerator.Main getTracefiles
INFO: Found 1 tracefiles.
Jun 27, 2025 5:56:49 PM com.google.devtools.coverageoutputgenerator.Main parseFilesSequentially
INFO: Parsing file /home/dev/.cache/bazel/_bazel_dev/08a753c56e53c224cdfb02cc90553c44/sandbox/linux-sandbox/1271/execroot/_main/bazel-out/k8-fastbuild/testlogs/_coverage/src/test/python/sample/sum_evaluator_py_test/test/pylcov.dat
Jun 27, 2025 5:56:50 PM com.google.devtools.coverageoutputgenerator.Main getGcovInfoFiles
INFO: No gcov info file found.
Jun 27, 2025 5:56:50 PM com.google.devtools.coverageoutputgenerator.Main getGcovJsonInfoFiles
INFO: No gcov json file found.
Jun 27, 2025 5:56:50 PM com.google.devtools.coverageoutputgenerator.Main getProfdataFileOrNull
INFO: No .profdata file found.
================================================================================
==================== Test output for //src/test/cc/sample:sum_evaluator_test:
Running main() from gmock_main.cc
[==========] Running 1 test from 1 test suite.
[----------] Global test environment set-up.
[----------] 1 test from SumEvaluatorTest
[ RUN      ] SumEvaluatorTest.AddsPositiveNumbers
[       OK ] SumEvaluatorTest.AddsPositiveNumbers (0 ms)
[----------] 1 test from SumEvaluatorTest (0 ms total)

[----------] Global test environment tear-down
[==========] 1 test from 1 test suite ran. (0 ms total)
[  PASSED  ] 1 test.
/home/dev/.cache/bazel/_bazel_dev/08a753c56e53c224cdfb02cc90553c44/sandbox/linux-sandbox/1276/execroot/_main/bazel-out/k8-fastbuild/testlogs/_coverage/src/test/cc/sample/sum_evaluator_test/test/bazel-out/k8-fastbuild/bin/external/googletest~/_objs/gtest/gmock-cardinalities.pic.gcno:version '408*', prefer 'B14*'
external/bazel_tools/tools/test/collect_cc_coverage.sh: line 113:    34 Segmentation fault      (core dumped) "${GCOV}" -i -b $COVERAGE_GCOV_OPTIONS -o "$(dirname ${gcda})" "${gcda}"
cat: '*.gcov': No such file or directory
rm: cannot remove '*.gcov': No such file or directory
/home/dev/.cache/bazel/_bazel_dev/08a753c56e53c224cdfb02cc90553c44/sandbox/linux-sandbox/1276/execroot/_main/bazel-out/k8-fastbuild/testlogs/_coverage/src/test/cc/sample/sum_evaluator_test/test/bazel-out/k8-fastbuild/bin/external/googletest~/_objs/gtest/gmock-internal-utils.pic.gcno:version '408*', prefer 'B14*'
external/bazel_tools/tools/test/collect_cc_coverage.sh: line 113:    47 Segmentation fault      (core dumped) "${GCOV}" -i -b $COVERAGE_GCOV_OPTIONS -o "$(dirname ${gcda})" "${gcda}"
cat: '*.gcov': No such file or directory
rm: cannot remove '*.gcov': No such file or directory
/home/dev/.cache/bazel/_bazel_dev/08a753c56e53c224cdfb02cc90553c44/sandbox/linux-sandbox/1276/execroot/_main/bazel-out/k8-fastbuild/testlogs/_coverage/src/test/cc/sample/sum_evaluator_test/test/bazel-out/k8-fastbuild/bin/external/googletest~/_objs/gtest/gmock-matchers.pic.gcno:version '408*', prefer 'B14*'
external/bazel_tools/tools/test/collect_cc_coverage.sh: line 113:    60 Segmentation fault      (core dumped) "${GCOV}" -i -b $COVERAGE_GCOV_OPTIONS -o "$(dirname ${gcda})" "${gcda}"
cat: '*.gcov': No such file or directory
rm: cannot remove '*.gcov': No such file or directory
/home/dev/.cache/bazel/_bazel_dev/08a753c56e53c224cdfb02cc90553c44/sandbox/linux-sandbox/1276/execroot/_main/bazel-out/k8-fastbuild/testlogs/_coverage/src/test/cc/sample/sum_evaluator_test/test/bazel-out/k8-fastbuild/bin/external/googletest~/_objs/gtest/gmock-spec-builders.pic.gcno:version '408*', prefer 'B14*'
external/bazel_tools/tools/test/collect_cc_coverage.sh: line 113:    73 Segmentation fault      (core dumped) "${GCOV}" -i -b $COVERAGE_GCOV_OPTIONS -o "$(dirname ${gcda})" "${gcda}"
cat: '*.gcov': No such file or directory
rm: cannot remove '*.gcov': No such file or directory
/home/dev/.cache/bazel/_bazel_dev/08a753c56e53c224cdfb02cc90553c44/sandbox/linux-sandbox/1276/execroot/_main/bazel-out/k8-fastbuild/testlogs/_coverage/src/test/cc/sample/sum_evaluator_test/test/bazel-out/k8-fastbuild/bin/external/googletest~/_objs/gtest/gmock.pic.gcno:version '408*', prefer 'B14*'
external/bazel_tools/tools/test/collect_cc_coverage.sh: line 113:    86 Segmentation fault      (core dumped) "${GCOV}" -i -b $COVERAGE_GCOV_OPTIONS -o "$(dirname ${gcda})" "${gcda}"
cat: '*.gcov': No such file or directory
rm: cannot remove '*.gcov': No such file or directory
/home/dev/.cache/bazel/_bazel_dev/08a753c56e53c224cdfb02cc90553c44/sandbox/linux-sandbox/1276/execroot/_main/bazel-out/k8-fastbuild/testlogs/_coverage/src/test/cc/sample/sum_evaluator_test/test/bazel-out/k8-fastbuild/bin/external/googletest~/_objs/gtest/gtest-assertion-result.pic.gcno:version '408*', prefer 'B14*'
external/bazel_tools/tools/test/collect_cc_coverage.sh: line 113:    99 Segmentation fault      (core dumped) "${GCOV}" -i -b $COVERAGE_GCOV_OPTIONS -o "$(dirname ${gcda})" "${gcda}"
cat: '*.gcov': No such file or directory
rm: cannot remove '*.gcov': No such file or directory
/home/dev/.cache/bazel/_bazel_dev/08a753c56e53c224cdfb02cc90553c44/sandbox/linux-sandbox/1276/execroot/_main/bazel-out/k8-fastbuild/testlogs/_coverage/src/test/cc/sample/sum_evaluator_test/test/bazel-out/k8-fastbuild/bin/external/googletest~/_objs/gtest/gtest-death-test.pic.gcno:version '408*', prefer 'B14*'
external/bazel_tools/tools/test/collect_cc_coverage.sh: line 113:   112 Segmentation fault      (core dumped) "${GCOV}" -i -b $COVERAGE_GCOV_OPTIONS -o "$(dirname ${gcda})" "${gcda}"
cat: '*.gcov': No such file or directory
rm: cannot remove '*.gcov': No such file or directory
/home/dev/.cache/bazel/_bazel_dev/08a753c56e53c224cdfb02cc90553c44/sandbox/linux-sandbox/1276/execroot/_main/bazel-out/k8-fastbuild/testlogs/_coverage/src/test/cc/sample/sum_evaluator_test/test/bazel-out/k8-fastbuild/bin/external/googletest~/_objs/gtest/gtest-filepath.pic.gcno:version '408*', prefer 'B14*'
external/bazel_tools/tools/test/collect_cc_coverage.sh: line 113:   125 Segmentation fault      (core dumped) "${GCOV}" -i -b $COVERAGE_GCOV_OPTIONS -o "$(dirname ${gcda})" "${gcda}"
cat: '*.gcov': No such file or directory
rm: cannot remove '*.gcov': No such file or directory
/home/dev/.cache/bazel/_bazel_dev/08a753c56e53c224cdfb02cc90553c44/sandbox/linux-sandbox/1276/execroot/_main/bazel-out/k8-fastbuild/testlogs/_coverage/src/test/cc/sample/sum_evaluator_test/test/bazel-out/k8-fastbuild/bin/external/googletest~/_objs/gtest/gtest-matchers.pic.gcno:version '408*', prefer 'B14*'
external/bazel_tools/tools/test/collect_cc_coverage.sh: line 113:   138 Segmentation fault      (core dumped) "${GCOV}" -i -b $COVERAGE_GCOV_OPTIONS -o "$(dirname ${gcda})" "${gcda}"
cat: '*.gcov': No such file or directory
rm: cannot remove '*.gcov': No such file or directory
/home/dev/.cache/bazel/_bazel_dev/08a753c56e53c224cdfb02cc90553c44/sandbox/linux-sandbox/1276/execroot/_main/bazel-out/k8-fastbuild/testlogs/_coverage/src/test/cc/sample/sum_evaluator_test/test/bazel-out/k8-fastbuild/bin/external/googletest~/_objs/gtest/gtest-port.pic.gcno:version '408*', prefer 'B14*'
external/bazel_tools/tools/test/collect_cc_coverage.sh: line 113:   151 Segmentation fault      (core dumped) "${GCOV}" -i -b $COVERAGE_GCOV_OPTIONS -o "$(dirname ${gcda})" "${gcda}"
cat: '*.gcov': No such file or directory
rm: cannot remove '*.gcov': No such file or directory
/home/dev/.cache/bazel/_bazel_dev/08a753c56e53c224cdfb02cc90553c44/sandbox/linux-sandbox/1276/execroot/_main/bazel-out/k8-fastbuild/testlogs/_coverage/src/test/cc/sample/sum_evaluator_test/test/bazel-out/k8-fastbuild/bin/external/googletest~/_objs/gtest/gtest-printers.pic.gcno:version '408*', prefer 'B14*'
external/bazel_tools/tools/test/collect_cc_coverage.sh: line 113:   164 Segmentation fault      (core dumped) "${GCOV}" -i -b $COVERAGE_GCOV_OPTIONS -o "$(dirname ${gcda})" "${gcda}"
cat: '*.gcov': No such file or directory
rm: cannot remove '*.gcov': No such file or directory
/home/dev/.cache/bazel/_bazel_dev/08a753c56e53c224cdfb02cc90553c44/sandbox/linux-sandbox/1276/execroot/_main/bazel-out/k8-fastbuild/testlogs/_coverage/src/test/cc/sample/sum_evaluator_test/test/bazel-out/k8-fastbuild/bin/external/googletest~/_objs/gtest/gtest-test-part.pic.gcno:version '408*', prefer 'B14*'
external/bazel_tools/tools/test/collect_cc_coverage.sh: line 113:   177 Segmentation fault      (core dumped) "${GCOV}" -i -b $COVERAGE_GCOV_OPTIONS -o "$(dirname ${gcda})" "${gcda}"
cat: '*.gcov': No such file or directory
rm: cannot remove '*.gcov': No such file or directory
/home/dev/.cache/bazel/_bazel_dev/08a753c56e53c224cdfb02cc90553c44/sandbox/linux-sandbox/1276/execroot/_main/bazel-out/k8-fastbuild/testlogs/_coverage/src/test/cc/sample/sum_evaluator_test/test/bazel-out/k8-fastbuild/bin/external/googletest~/_objs/gtest/gtest-typed-test.pic.gcno:version '408*', prefer 'B14*'
external/bazel_tools/tools/test/collect_cc_coverage.sh: line 113:   190 Segmentation fault      (core dumped) "${GCOV}" -i -b $COVERAGE_GCOV_OPTIONS -o "$(dirname ${gcda})" "${gcda}"
cat: '*.gcov': No such file or directory
rm: cannot remove '*.gcov': No such file or directory
/home/dev/.cache/bazel/_bazel_dev/08a753c56e53c224cdfb02cc90553c44/sandbox/linux-sandbox/1276/execroot/_main/bazel-out/k8-fastbuild/testlogs/_coverage/src/test/cc/sample/sum_evaluator_test/test/bazel-out/k8-fastbuild/bin/external/googletest~/_objs/gtest/gtest.pic.gcno:version '408*', prefer 'B14*'
external/bazel_tools/tools/test/collect_cc_coverage.sh: line 113:   203 Segmentation fault      (core dumped) "${GCOV}" -i -b $COVERAGE_GCOV_OPTIONS -o "$(dirname ${gcda})" "${gcda}"
cat: '*.gcov': No such file or directory
rm: cannot remove '*.gcov': No such file or directory
/home/dev/.cache/bazel/_bazel_dev/08a753c56e53c224cdfb02cc90553c44/sandbox/linux-sandbox/1276/execroot/_main/bazel-out/k8-fastbuild/testlogs/_coverage/src/test/cc/sample/sum_evaluator_test/test/bazel-out/k8-fastbuild/bin/external/googletest~/_objs/gtest_main/gmock_main.pic.gcno:version '408*', prefer 'B14*'
external/bazel_tools/tools/test/collect_cc_coverage.sh: line 113:   216 Segmentation fault      (core dumped) "${GCOV}" -i -b $COVERAGE_GCOV_OPTIONS -o "$(dirname ${gcda})" "${gcda}"
cat: '*.gcov': No such file or directory
rm: cannot remove '*.gcov': No such file or directory
/home/dev/.cache/bazel/_bazel_dev/08a753c56e53c224cdfb02cc90553c44/sandbox/linux-sandbox/1276/execroot/_main/bazel-out/k8-fastbuild/testlogs/_coverage/src/test/cc/sample/sum_evaluator_test/test/bazel-out/k8-fastbuild/bin/src/main/cc/sample/_objs/sum_evaluator/sum_evaluator.pic.gcno:version '408*', prefer 'B14*'
external/bazel_tools/tools/test/collect_cc_coverage.sh: line 113:   229 Segmentation fault      (core dumped) "${GCOV}" -i -b $COVERAGE_GCOV_OPTIONS -o "$(dirname ${gcda})" "${gcda}"
cat: '*.gcov': No such file or directory
rm: cannot remove '*.gcov': No such file or directory
/home/dev/.cache/bazel/_bazel_dev/08a753c56e53c224cdfb02cc90553c44/sandbox/linux-sandbox/1276/execroot/_main/bazel-out/k8-fastbuild/testlogs/_coverage/src/test/cc/sample/sum_evaluator_test/test/bazel-out/k8-fastbuild/bin/src/test/cc/sample/_objs/sum_evaluator_test/sum_evaluator_test.pic.gcno:version '408*', prefer 'B14*'
external/bazel_tools/tools/test/collect_cc_coverage.sh: line 113:   242 Segmentation fault      (core dumped) "${GCOV}" -i -b $COVERAGE_GCOV_OPTIONS -o "$(dirname ${gcda})" "${gcda}"
cat: '*.gcov': No such file or directory
rm: cannot remove '*.gcov': No such file or directory
Jun 27, 2025 5:56:52 PM com.google.devtools.coverageoutputgenerator.Main getTracefiles
INFO: No lcov file found.
Jun 27, 2025 5:56:52 PM com.google.devtools.coverageoutputgenerator.Main getGcovInfoFiles
INFO: Found 1 gcov info files.
Jun 27, 2025 5:56:52 PM com.google.devtools.coverageoutputgenerator.Main parseFilesSequentially
INFO: Parsing file /home/dev/.cache/bazel/_bazel_dev/08a753c56e53c224cdfb02cc90553c44/sandbox/linux-sandbox/1276/execroot/_main/bazel-out/k8-fastbuild/testlogs/_coverage/src/test/cc/sample/sum_evaluator_test/test/_cc_coverage.gcov
Jun 27, 2025 5:56:52 PM com.google.devtools.coverageoutputgenerator.Main getGcovJsonInfoFiles
INFO: No gcov json file found.
Jun 27, 2025 5:56:52 PM com.google.devtools.coverageoutputgenerator.Main getProfdataFileOrNull
INFO: No .profdata file found.
Jun 27, 2025 5:56:52 PM com.google.devtools.coverageoutputgenerator.Main runWithArgs
WARNING: There was no coverage found.
================================================================================
==================== Test output for //src/test/kotlin/implementation:count_letters_service_impl_test:
JUnit4 Test Runner
..
Time: 0.23

OK (2 tests)


BazelTestRunner exiting with a return value of 0
JVM shutdown hooks (if any) will run now.
The JVM will exit once they complete.

-- JVM shutdown starting at 2025-06-27 17:56:53 --

Jun 27, 2025 5:56:57 PM com.google.devtools.coverageoutputgenerator.Main getTracefiles
INFO: Found 1 tracefiles.
Jun 27, 2025 5:56:57 PM com.google.devtools.coverageoutputgenerator.Main parseFilesSequentially
INFO: Parsing file /home/dev/.cache/bazel/_bazel_dev/08a753c56e53c224cdfb02cc90553c44/sandbox/linux-sandbox/1295/execroot/_main/bazel-out/k8-fastbuild/testlogs/_coverage/src/test/kotlin/implementation/count_letters_service_impl_test/test/jvcov429235586411881999.dat
Jun 27, 2025 5:56:57 PM com.google.devtools.coverageoutputgenerator.Main getGcovInfoFiles
INFO: No gcov info file found.
Jun 27, 2025 5:56:57 PM com.google.devtools.coverageoutputgenerator.Main getGcovJsonInfoFiles
INFO: No gcov json file found.
Jun 27, 2025 5:56:57 PM com.google.devtools.coverageoutputgenerator.Main getProfdataFileOrNull
INFO: No .profdata file found.
================================================================================
==================== Test output for //src/test/kotlin/client:count_letters_client_app_test:
JUnit4 Test Runner
WARNING: A Java agent has been loaded dynamically (/home/dev/.cache/bazel/_bazel_dev/08a753c56e53c224cdfb02cc90553c44/execroot/_main/bazel-out/k8-fastbuild/bin/external/rules_jvm_external~~maven~maven/net/bytebuddy/byte-buddy-agent/1.14.15/processed_byte-buddy-agent-1.14.15.jar)
WARNING: If a serviceability tool is in use, please run with -XX:+EnableDynamicAgentLoading to hide this warning
WARNING: If a serviceability tool is not in use, please run with -Djdk.instrument.traceUsage for more information
WARNING: Dynamic loading of agents will be disallowed by default in a future release
OpenJDK 64-Bit Server VM warning: Sharing is only supported for boot loader classes because bootstrap classpath has been appended
....
Time: 3.865

OK (4 tests)


BazelTestRunner exiting with a return value of 0
JVM shutdown hooks (if any) will run now.
The JVM will exit once they complete.

-- JVM shutdown starting at 2025-06-27 17:56:58 --

Jun 27, 2025 5:57:02 PM com.google.devtools.coverageoutputgenerator.Main getTracefiles
INFO: Found 1 tracefiles.
Jun 27, 2025 5:57:02 PM com.google.devtools.coverageoutputgenerator.Main parseFilesSequentially
INFO: Parsing file /home/dev/.cache/bazel/_bazel_dev/08a753c56e53c224cdfb02cc90553c44/sandbox/linux-sandbox/1302/execroot/_main/bazel-out/k8-fastbuild/testlogs/_coverage/src/test/kotlin/client/count_letters_client_app_test/test/jvcov4821510877314953763.dat
Jun 27, 2025 5:57:02 PM com.google.devtools.coverageoutputgenerator.Main getGcovInfoFiles
INFO: No gcov info file found.
Jun 27, 2025 5:57:02 PM com.google.devtools.coverageoutputgenerator.Main getGcovJsonInfoFiles
INFO: No gcov json file found.
Jun 27, 2025 5:57:02 PM com.google.devtools.coverageoutputgenerator.Main getProfdataFileOrNull
INFO: No .profdata file found.
================================================================================
==================== Test output for //src/test/kotlin/client:count_letters_client_test:
JUnit4 Test Runner
WARNING: A Java agent has been loaded dynamically (/home/dev/.cache/bazel/_bazel_dev/08a753c56e53c224cdfb02cc90553c44/execroot/_main/bazel-out/k8-fastbuild/bin/external/rules_jvm_external~~maven~maven/net/bytebuddy/byte-buddy-agent/1.14.15/processed_byte-buddy-agent-1.14.15.jar)
WARNING: If a serviceability tool is in use, please run with -XX:+EnableDynamicAgentLoading to hide this warning
WARNING: If a serviceability tool is not in use, please run with -Djdk.instrument.traceUsage for more information
WARNING: Dynamic loading of agents will be disallowed by default in a future release
OpenJDK 64-Bit Server VM warning: Sharing is only supported for boot loader classes because bootstrap classpath has been appended
.The number of letters is: 99

Time: 5.409

OK (1 test)


BazelTestRunner exiting with a return value of 0
JVM shutdown hooks (if any) will run now.
The JVM will exit once they complete.

-- JVM shutdown starting at 2025-06-27 17:57:01 --

Jun 27, 2025 5:57:06 PM com.google.devtools.coverageoutputgenerator.Main getTracefiles
INFO: Found 1 tracefiles.
Jun 27, 2025 5:57:06 PM com.google.devtools.coverageoutputgenerator.Main parseFilesSequentially
INFO: Parsing file /home/dev/.cache/bazel/_bazel_dev/08a753c56e53c224cdfb02cc90553c44/sandbox/linux-sandbox/1307/execroot/_main/bazel-out/k8-fastbuild/testlogs/_coverage/src/test/kotlin/client/count_letters_client_test/test/jvcov8470073736629059654.dat
Jun 27, 2025 5:57:06 PM com.google.devtools.coverageoutputgenerator.Main getGcovInfoFiles
INFO: No gcov info file found.
Jun 27, 2025 5:57:06 PM com.google.devtools.coverageoutputgenerator.Main getGcovJsonInfoFiles
INFO: No gcov json file found.
Jun 27, 2025 5:57:06 PM com.google.devtools.coverageoutputgenerator.Main getProfdataFileOrNull
INFO: No .profdata file found.
================================================================================
==================== Test output for //src/test/kotlin/com:count_letters_server_test:
JUnit4 Test Runner
WARNING: A Java agent has been loaded dynamically (/home/dev/.cache/bazel/_bazel_dev/08a753c56e53c224cdfb02cc90553c44/execroot/_main/bazel-out/k8-fastbuild/bin/external/rules_jvm_external~~maven~maven/net/bytebuddy/byte-buddy-agent/1.14.15/processed_byte-buddy-agent-1.14.15.jar)
WARNING: If a serviceability tool is in use, please run with -XX:+EnableDynamicAgentLoading to hide this warning
WARNING: If a serviceability tool is not in use, please run with -Djdk.instrument.traceUsage for more information
WARNING: Dynamic loading of agents will be disallowed by default in a future release
OpenJDK 64-Bit Server VM warning: Sharing is only supported for boot loader classes because bootstrap classpath has been appended
..
Time: 3.07

OK (2 tests)


BazelTestRunner exiting with a return value of 0
JVM shutdown hooks (if any) will run now.
The JVM will exit once they complete.

-- JVM shutdown starting at 2025-06-27 17:57:02 --

Jun 27, 2025 5:57:07 PM com.google.devtools.coverageoutputgenerator.Main getTracefiles
INFO: Found 1 tracefiles.
Jun 27, 2025 5:57:07 PM com.google.devtools.coverageoutputgenerator.Main parseFilesSequentially
INFO: Parsing file /home/dev/.cache/bazel/_bazel_dev/08a753c56e53c224cdfb02cc90553c44/sandbox/linux-sandbox/1317/execroot/_main/bazel-out/k8-fastbuild/testlogs/_coverage/src/test/kotlin/com/count_letters_server_test/test/jvcov16747180256514733882.dat
Jun 27, 2025 5:57:07 PM com.google.devtools.coverageoutputgenerator.Main getGcovInfoFiles
INFO: No gcov info file found.
Jun 27, 2025 5:57:07 PM com.google.devtools.coverageoutputgenerator.Main getGcovJsonInfoFiles
INFO: No gcov json file found.
Jun 27, 2025 5:57:07 PM com.google.devtools.coverageoutputgenerator.Main getProfdataFileOrNull
INFO: No .profdata file found.
================================================================================
==================== Test output for //src/test/kotlin/sample:manage_users_kt_test:
JUnit4 Test Runner
.
Time: 0.194

OK (1 test)


BazelTestRunner exiting with a return value of 0
JVM shutdown hooks (if any) will run now.
The JVM will exit once they complete.

-- JVM shutdown starting at 2025-06-27 17:57:06 --

Jun 27, 2025 5:57:10 PM com.google.devtools.coverageoutputgenerator.Main getTracefiles
INFO: Found 1 tracefiles.
Jun 27, 2025 5:57:10 PM com.google.devtools.coverageoutputgenerator.Main parseFilesSequentially
INFO: Parsing file /home/dev/.cache/bazel/_bazel_dev/08a753c56e53c224cdfb02cc90553c44/sandbox/linux-sandbox/1336/execroot/_main/bazel-out/k8-fastbuild/testlogs/_coverage/src/test/kotlin/sample/manage_users_kt_test/test/jvcov6381985349103240677.dat
Jun 27, 2025 5:57:10 PM com.google.devtools.coverageoutputgenerator.Main getGcovInfoFiles
INFO: No gcov info file found.
Jun 27, 2025 5:57:10 PM com.google.devtools.coverageoutputgenerator.Main getGcovJsonInfoFiles
INFO: No gcov json file found.
Jun 27, 2025 5:57:10 PM com.google.devtools.coverageoutputgenerator.Main getProfdataFileOrNull
INFO: No .profdata file found.
================================================================================
==================== Test output for //src/test/kotlin/com:common_server_test:
JUnit4 Test Runner
WARNING: A Java agent has been loaded dynamically (/home/dev/.cache/bazel/_bazel_dev/08a753c56e53c224cdfb02cc90553c44/execroot/_main/bazel-out/k8-fastbuild/bin/external/rules_jvm_external~~maven~maven/net/bytebuddy/byte-buddy-agent/1.14.15/processed_byte-buddy-agent-1.14.15.jar)
WARNING: If a serviceability tool is in use, please run with -XX:+EnableDynamicAgentLoading to hide this warning
WARNING: If a serviceability tool is not in use, please run with -Djdk.instrument.traceUsage for more information
WARNING: Dynamic loading of agents will be disallowed by default in a future release
OpenJDK 64-Bit Server VM warning: Sharing is only supported for boot loader classes because bootstrap classpath has been appended
..Server started in port 0
..Server started in port 0

Time: 4.943

OK (4 tests)


BazelTestRunner exiting with a return value of 0
JVM shutdown hooks (if any) will run now.
The JVM will exit once they complete.

-- JVM shutdown starting at 2025-06-27 17:57:10 --

*** GrpcServer: shutting down...
*** GrpcServer: shutting down...
Jun 27, 2025 5:57:13 PM com.google.devtools.coverageoutputgenerator.Main getTracefiles
INFO: Found 1 tracefiles.
Jun 27, 2025 5:57:14 PM com.google.devtools.coverageoutputgenerator.Main parseFilesSequentially
INFO: Parsing file /home/dev/.cache/bazel/_bazel_dev/08a753c56e53c224cdfb02cc90553c44/sandbox/linux-sandbox/1334/execroot/_main/bazel-out/k8-fastbuild/testlogs/_coverage/src/test/kotlin/com/common_server_test/test/jvcov14655307919475222884.dat
Jun 27, 2025 5:57:14 PM com.google.devtools.coverageoutputgenerator.Main getGcovInfoFiles
INFO: No gcov info file found.
Jun 27, 2025 5:57:14 PM com.google.devtools.coverageoutputgenerator.Main getGcovJsonInfoFiles
INFO: No gcov json file found.
Jun 27, 2025 5:57:14 PM com.google.devtools.coverageoutputgenerator.Main getProfdataFileOrNull
INFO: No .profdata file found.
================================================================================
==================== Test output for //src/test/cc/sample:manage_users_test:
Running main() from gmock_main.cc
[==========] Running 1 test from 1 test suite.
[----------] Global test environment set-up.
[----------] 1 test from ManageUsersTest
[ RUN      ] ManageUsersTest.CreateUserProfilePopulatesFieldsCorrectly
[       OK ] ManageUsersTest.CreateUserProfilePopulatesFieldsCorrectly (0 ms)
[----------] 1 test from ManageUsersTest (0 ms total)

[----------] Global test environment tear-down
[==========] 1 test from 1 test suite ran. (0 ms total)
[  PASSED  ] 1 test.
/home/dev/.cache/bazel/_bazel_dev/08a753c56e53c224cdfb02cc90553c44/sandbox/linux-sandbox/1632/execroot/_main/bazel-out/k8-fastbuild/testlogs/_coverage/src/test/cc/sample/manage_users_test/test/bazel-out/k8-fastbuild/bin/external/googletest~/_objs/gtest/gmock-cardinalities.pic.gcno:version '408*', prefer 'B14*'
external/bazel_tools/tools/test/collect_cc_coverage.sh: line 113:    34 Segmentation fault      (core dumped) "${GCOV}" -i -b $COVERAGE_GCOV_OPTIONS -o "$(dirname ${gcda})" "${gcda}"
cat: '*.gcov': No such file or directory
rm: cannot remove '*.gcov': No such file or directory
/home/dev/.cache/bazel/_bazel_dev/08a753c56e53c224cdfb02cc90553c44/sandbox/linux-sandbox/1632/execroot/_main/bazel-out/k8-fastbuild/testlogs/_coverage/src/test/cc/sample/manage_users_test/test/bazel-out/k8-fastbuild/bin/external/googletest~/_objs/gtest/gmock-internal-utils.pic.gcno:version '408*', prefer 'B14*'
external/bazel_tools/tools/test/collect_cc_coverage.sh: line 113:    47 Segmentation fault      (core dumped) "${GCOV}" -i -b $COVERAGE_GCOV_OPTIONS -o "$(dirname ${gcda})" "${gcda}"
cat: '*.gcov': No such file or directory
rm: cannot remove '*.gcov': No such file or directory
/home/dev/.cache/bazel/_bazel_dev/08a753c56e53c224cdfb02cc90553c44/sandbox/linux-sandbox/1632/execroot/_main/bazel-out/k8-fastbuild/testlogs/_coverage/src/test/cc/sample/manage_users_test/test/bazel-out/k8-fastbuild/bin/external/googletest~/_objs/gtest/gmock-matchers.pic.gcno:version '408*', prefer 'B14*'
external/bazel_tools/tools/test/collect_cc_coverage.sh: line 113:    60 Segmentation fault      (core dumped) "${GCOV}" -i -b $COVERAGE_GCOV_OPTIONS -o "$(dirname ${gcda})" "${gcda}"
cat: '*.gcov': No such file or directory
rm: cannot remove '*.gcov': No such file or directory
/home/dev/.cache/bazel/_bazel_dev/08a753c56e53c224cdfb02cc90553c44/sandbox/linux-sandbox/1632/execroot/_main/bazel-out/k8-fastbuild/testlogs/_coverage/src/test/cc/sample/manage_users_test/test/bazel-out/k8-fastbuild/bin/external/googletest~/_objs/gtest/gmock-spec-builders.pic.gcno:version '408*', prefer 'B14*'
external/bazel_tools/tools/test/collect_cc_coverage.sh: line 113:    73 Segmentation fault      (core dumped) "${GCOV}" -i -b $COVERAGE_GCOV_OPTIONS -o "$(dirname ${gcda})" "${gcda}"
cat: '*.gcov': No such file or directory
rm: cannot remove '*.gcov': No such file or directory
/home/dev/.cache/bazel/_bazel_dev/08a753c56e53c224cdfb02cc90553c44/sandbox/linux-sandbox/1632/execroot/_main/bazel-out/k8-fastbuild/testlogs/_coverage/src/test/cc/sample/manage_users_test/test/bazel-out/k8-fastbuild/bin/external/googletest~/_objs/gtest/gmock.pic.gcno:version '408*', prefer 'B14*'
external/bazel_tools/tools/test/collect_cc_coverage.sh: line 113:    86 Segmentation fault      (core dumped) "${GCOV}" -i -b $COVERAGE_GCOV_OPTIONS -o "$(dirname ${gcda})" "${gcda}"
cat: '*.gcov': No such file or directory
rm: cannot remove '*.gcov': No such file or directory
/home/dev/.cache/bazel/_bazel_dev/08a753c56e53c224cdfb02cc90553c44/sandbox/linux-sandbox/1632/execroot/_main/bazel-out/k8-fastbuild/testlogs/_coverage/src/test/cc/sample/manage_users_test/test/bazel-out/k8-fastbuild/bin/external/googletest~/_objs/gtest/gtest-assertion-result.pic.gcno:version '408*', prefer 'B14*'
external/bazel_tools/tools/test/collect_cc_coverage.sh: line 113:    99 Segmentation fault      (core dumped) "${GCOV}" -i -b $COVERAGE_GCOV_OPTIONS -o "$(dirname ${gcda})" "${gcda}"
cat: '*.gcov': No such file or directory
rm: cannot remove '*.gcov': No such file or directory
/home/dev/.cache/bazel/_bazel_dev/08a753c56e53c224cdfb02cc90553c44/sandbox/linux-sandbox/1632/execroot/_main/bazel-out/k8-fastbuild/testlogs/_coverage/src/test/cc/sample/manage_users_test/test/bazel-out/k8-fastbuild/bin/external/googletest~/_objs/gtest/gtest-death-test.pic.gcno:version '408*', prefer 'B14*'
external/bazel_tools/tools/test/collect_cc_coverage.sh: line 113:   112 Segmentation fault      (core dumped) "${GCOV}" -i -b $COVERAGE_GCOV_OPTIONS -o "$(dirname ${gcda})" "${gcda}"
cat: '*.gcov': No such file or directory
rm: cannot remove '*.gcov': No such file or directory
/home/dev/.cache/bazel/_bazel_dev/08a753c56e53c224cdfb02cc90553c44/sandbox/linux-sandbox/1632/execroot/_main/bazel-out/k8-fastbuild/testlogs/_coverage/src/test/cc/sample/manage_users_test/test/bazel-out/k8-fastbuild/bin/external/googletest~/_objs/gtest/gtest-filepath.pic.gcno:version '408*', prefer 'B14*'
external/bazel_tools/tools/test/collect_cc_coverage.sh: line 113:   125 Segmentation fault      (core dumped) "${GCOV}" -i -b $COVERAGE_GCOV_OPTIONS -o "$(dirname ${gcda})" "${gcda}"
cat: '*.gcov': No such file or directory
rm: cannot remove '*.gcov': No such file or directory
/home/dev/.cache/bazel/_bazel_dev/08a753c56e53c224cdfb02cc90553c44/sandbox/linux-sandbox/1632/execroot/_main/bazel-out/k8-fastbuild/testlogs/_coverage/src/test/cc/sample/manage_users_test/test/bazel-out/k8-fastbuild/bin/external/googletest~/_objs/gtest/gtest-matchers.pic.gcno:version '408*', prefer 'B14*'
external/bazel_tools/tools/test/collect_cc_coverage.sh: line 113:   138 Segmentation fault      (core dumped) "${GCOV}" -i -b $COVERAGE_GCOV_OPTIONS -o "$(dirname ${gcda})" "${gcda}"
cat: '*.gcov': No such file or directory
rm: cannot remove '*.gcov': No such file or directory
/home/dev/.cache/bazel/_bazel_dev/08a753c56e53c224cdfb02cc90553c44/sandbox/linux-sandbox/1632/execroot/_main/bazel-out/k8-fastbuild/testlogs/_coverage/src/test/cc/sample/manage_users_test/test/bazel-out/k8-fastbuild/bin/external/googletest~/_objs/gtest/gtest-port.pic.gcno:version '408*', prefer 'B14*'
external/bazel_tools/tools/test/collect_cc_coverage.sh: line 113:   151 Segmentation fault      (core dumped) "${GCOV}" -i -b $COVERAGE_GCOV_OPTIONS -o "$(dirname ${gcda})" "${gcda}"
cat: '*.gcov': No such file or directory
rm: cannot remove '*.gcov': No such file or directory
/home/dev/.cache/bazel/_bazel_dev/08a753c56e53c224cdfb02cc90553c44/sandbox/linux-sandbox/1632/execroot/_main/bazel-out/k8-fastbuild/testlogs/_coverage/src/test/cc/sample/manage_users_test/test/bazel-out/k8-fastbuild/bin/external/googletest~/_objs/gtest/gtest-printers.pic.gcno:version '408*', prefer 'B14*'
external/bazel_tools/tools/test/collect_cc_coverage.sh: line 113:   164 Segmentation fault      (core dumped) "${GCOV}" -i -b $COVERAGE_GCOV_OPTIONS -o "$(dirname ${gcda})" "${gcda}"
cat: '*.gcov': No such file or directory
rm: cannot remove '*.gcov': No such file or directory
/home/dev/.cache/bazel/_bazel_dev/08a753c56e53c224cdfb02cc90553c44/sandbox/linux-sandbox/1632/execroot/_main/bazel-out/k8-fastbuild/testlogs/_coverage/src/test/cc/sample/manage_users_test/test/bazel-out/k8-fastbuild/bin/external/googletest~/_objs/gtest/gtest-test-part.pic.gcno:version '408*', prefer 'B14*'
external/bazel_tools/tools/test/collect_cc_coverage.sh: line 113:   177 Segmentation fault      (core dumped) "${GCOV}" -i -b $COVERAGE_GCOV_OPTIONS -o "$(dirname ${gcda})" "${gcda}"
cat: '*.gcov': No such file or directory
rm: cannot remove '*.gcov': No such file or directory
/home/dev/.cache/bazel/_bazel_dev/08a753c56e53c224cdfb02cc90553c44/sandbox/linux-sandbox/1632/execroot/_main/bazel-out/k8-fastbuild/testlogs/_coverage/src/test/cc/sample/manage_users_test/test/bazel-out/k8-fastbuild/bin/external/googletest~/_objs/gtest/gtest-typed-test.pic.gcno:version '408*', prefer 'B14*'
external/bazel_tools/tools/test/collect_cc_coverage.sh: line 113:   190 Segmentation fault      (core dumped) "${GCOV}" -i -b $COVERAGE_GCOV_OPTIONS -o "$(dirname ${gcda})" "${gcda}"
cat: '*.gcov': No such file or directory
rm: cannot remove '*.gcov': No such file or directory
/home/dev/.cache/bazel/_bazel_dev/08a753c56e53c224cdfb02cc90553c44/sandbox/linux-sandbox/1632/execroot/_main/bazel-out/k8-fastbuild/testlogs/_coverage/src/test/cc/sample/manage_users_test/test/bazel-out/k8-fastbuild/bin/external/googletest~/_objs/gtest/gtest.pic.gcno:version '408*', prefer 'B14*'
external/bazel_tools/tools/test/collect_cc_coverage.sh: line 113:   203 Segmentation fault      (core dumped) "${GCOV}" -i -b $COVERAGE_GCOV_OPTIONS -o "$(dirname ${gcda})" "${gcda}"
cat: '*.gcov': No such file or directory
rm: cannot remove '*.gcov': No such file or directory
/home/dev/.cache/bazel/_bazel_dev/08a753c56e53c224cdfb02cc90553c44/sandbox/linux-sandbox/1632/execroot/_main/bazel-out/k8-fastbuild/testlogs/_coverage/src/test/cc/sample/manage_users_test/test/bazel-out/k8-fastbuild/bin/external/googletest~/_objs/gtest_main/gmock_main.pic.gcno:version '408*', prefer 'B14*'
external/bazel_tools/tools/test/collect_cc_coverage.sh: line 113:   216 Segmentation fault      (core dumped) "${GCOV}" -i -b $COVERAGE_GCOV_OPTIONS -o "$(dirname ${gcda})" "${gcda}"
cat: '*.gcov': No such file or directory
rm: cannot remove '*.gcov': No such file or directory
/home/dev/.cache/bazel/_bazel_dev/08a753c56e53c224cdfb02cc90553c44/sandbox/linux-sandbox/1632/execroot/_main/bazel-out/k8-fastbuild/testlogs/_coverage/src/test/cc/sample/manage_users_test/test/bazel-out/k8-fastbuild/bin/src/main/cc/sample/_objs/manage_users/manage_users.pic.gcno:version '408*', prefer 'B14*'
external/bazel_tools/tools/test/collect_cc_coverage.sh: line 113:   229 Segmentation fault      (core dumped) "${GCOV}" -i -b $COVERAGE_GCOV_OPTIONS -o "$(dirname ${gcda})" "${gcda}"
cat: '*.gcov': No such file or directory
rm: cannot remove '*.gcov': No such file or directory
/home/dev/.cache/bazel/_bazel_dev/08a753c56e53c224cdfb02cc90553c44/sandbox/linux-sandbox/1632/execroot/_main/bazel-out/k8-fastbuild/testlogs/_coverage/src/test/cc/sample/manage_users_test/test/bazel-out/k8-fastbuild/bin/src/test/cc/sample/_objs/manage_users_test/manage_users_test.pic.gcno:version '408*', prefer 'B14*'
external/bazel_tools/tools/test/collect_cc_coverage.sh: line 113:   242 Segmentation fault      (core dumped) "${GCOV}" -i -b $COVERAGE_GCOV_OPTIONS -o "$(dirname ${gcda})" "${gcda}"
cat: '*.gcov': No such file or directory
rm: cannot remove '*.gcov': No such file or directory
Jun 27, 2025 5:57:39 PM com.google.devtools.coverageoutputgenerator.Main getTracefiles
INFO: No lcov file found.
Jun 27, 2025 5:57:39 PM com.google.devtools.coverageoutputgenerator.Main getGcovInfoFiles
INFO: Found 1 gcov info files.
Jun 27, 2025 5:57:39 PM com.google.devtools.coverageoutputgenerator.Main parseFilesSequentially
INFO: Parsing file /home/dev/.cache/bazel/_bazel_dev/08a753c56e53c224cdfb02cc90553c44/sandbox/linux-sandbox/1632/execroot/_main/bazel-out/k8-fastbuild/testlogs/_coverage/src/test/cc/sample/manage_users_test/test/_cc_coverage.gcov
Jun 27, 2025 5:57:39 PM com.google.devtools.coverageoutputgenerator.Main getGcovJsonInfoFiles
INFO: No gcov json file found.
Jun 27, 2025 5:57:39 PM com.google.devtools.coverageoutputgenerator.Main getProfdataFileOrNull
INFO: No .profdata file found.
Jun 27, 2025 5:57:39 PM com.google.devtools.coverageoutputgenerator.Main runWithArgs
WARNING: There was no coverage found.
================================================================================
//src/test/cc/sample:count_letters_evaluator_test                        PASSED in 5.1s
//src/test/cc/sample:manage_users_test                                   PASSED in 1.9s
//src/test/cc/sample:sum_evaluator_test                                  PASSED in 5.1s
//src/test/kotlin/client:count_letters_client_app_test                   PASSED in 10.0s
  /home/dev/.cache/bazel/_bazel_dev/08a753c56e53c224cdfb02cc90553c44/execroot/_main/bazel-out/k8-fastbuild/testlogs/src/test/kotlin/client/count_letters_client_app_test/coverage.dat
//src/test/kotlin/client:count_letters_client_test                       PASSED in 12.5s
  /home/dev/.cache/bazel/_bazel_dev/08a753c56e53c224cdfb02cc90553c44/execroot/_main/bazel-out/k8-fastbuild/testlogs/src/test/kotlin/client/count_letters_client_test/coverage.dat
//src/test/kotlin/com:common_server_test                                 PASSED in 10.9s
  /home/dev/.cache/bazel/_bazel_dev/08a753c56e53c224cdfb02cc90553c44/execroot/_main/bazel-out/k8-fastbuild/testlogs/src/test/kotlin/com/common_server_test/coverage.dat
//src/test/kotlin/com:count_letters_server_test                          PASSED in 10.1s
  /home/dev/.cache/bazel/_bazel_dev/08a753c56e53c224cdfb02cc90553c44/execroot/_main/bazel-out/k8-fastbuild/testlogs/src/test/kotlin/com/count_letters_server_test/coverage.dat
//src/test/kotlin/implementation:count_letters_service_impl_test         PASSED in 6.1s
  /home/dev/.cache/bazel/_bazel_dev/08a753c56e53c224cdfb02cc90553c44/execroot/_main/bazel-out/k8-fastbuild/testlogs/src/test/kotlin/implementation/count_letters_service_impl_test/coverage.dat
//src/test/kotlin/sample:count_letters_evaluator_test                    PASSED in 2.9s
  /home/dev/.cache/bazel/_bazel_dev/08a753c56e53c224cdfb02cc90553c44/execroot/_main/bazel-out/k8-fastbuild/testlogs/src/test/kotlin/sample/count_letters_evaluator_test/coverage.dat
//src/test/kotlin/sample:manage_users_kt_test                            PASSED in 6.9s
  /home/dev/.cache/bazel/_bazel_dev/08a753c56e53c224cdfb02cc90553c44/execroot/_main/bazel-out/k8-fastbuild/testlogs/src/test/kotlin/sample/manage_users_kt_test/coverage.dat
//src/test/kotlin/sample:sum_evaluator_test                              PASSED in 2.5s
  /home/dev/.cache/bazel/_bazel_dev/08a753c56e53c224cdfb02cc90553c44/execroot/_main/bazel-out/k8-fastbuild/testlogs/src/test/kotlin/sample/sum_evaluator_test/coverage.dat
//src/test/python/sample:count_letters_evaluator_py_test                 PASSED in 2.3s
  /home/dev/.cache/bazel/_bazel_dev/08a753c56e53c224cdfb02cc90553c44/execroot/_main/bazel-out/k8-fastbuild/testlogs/src/test/python/sample/count_letters_evaluator_py_test/coverage.dat
//src/test/python/sample:manage_users_py_test                            PASSED in 5.0s
  /home/dev/.cache/bazel/_bazel_dev/08a753c56e53c224cdfb02cc90553c44/execroot/_main/bazel-out/k8-fastbuild/testlogs/src/test/python/sample/manage_users_py_test/coverage.dat
//src/test/python/sample:sum_evaluator_py_test                           PASSED in 2.6s
  /home/dev/.cache/bazel/_bazel_dev/08a753c56e53c224cdfb02cc90553c44/execroot/_main/bazel-out/k8-fastbuild/testlogs/src/test/python/sample/sum_evaluator_py_test/coverage.dat

Executed 14 out of 14 tests: 14 tests pass.
There were tests whose specified size is too big. Use the --test_verbose_timeout_warnings command line option to see which ones these are.
